{"/home/runner/work/Expense-Tracker/Expense-Tracker/backend/src/server.js": {"path":"/home/runner/work/Expense-Tracker/Expense-Tracker/backend/src/server.js","statementMap":{"0":{"start":{"line":6,"column":0},"end":{"line":6,"column":27}},"1":{"start":{"line":7,"column":16},"end":{"line":7,"column":34}},"2":{"start":{"line":8,"column":13},"end":{"line":8,"column":28}},"3":{"start":{"line":9,"column":15},"end":{"line":9,"column":32}},"4":{"start":{"line":10,"column":15},"end":{"line":10,"column":32}},"5":{"start":{"line":11,"column":18},"end":{"line":11,"column":47}},"6":{"start":{"line":13,"column":18},"end":{"line":13,"column":46}},"7":{"start":{"line":14,"column":15},"end":{"line":14,"column":40}},"8":{"start":{"line":15,"column":21},"end":{"line":15,"column":57}},"9":{"start":{"line":18,"column":19},"end":{"line":18,"column":43}},"10":{"start":{"line":19,"column":22},"end":{"line":19,"column":50}},"11":{"start":{"line":20,"column":21},"end":{"line":20,"column":48}},"12":{"start":{"line":21,"column":22},"end":{"line":21,"column":50}},"13":{"start":{"line":22,"column":23},"end":{"line":22,"column":53}},"14":{"start":{"line":24,"column":12},"end":{"line":24,"column":21}},"15":{"start":{"line":25,"column":13},"end":{"line":25,"column":37}},"16":{"start":{"line":28,"column":0},"end":{"line":28,"column":18}},"17":{"start":{"line":29,"column":0},"end":{"line":32,"column":4}},"18":{"start":{"line":35,"column":16},"end":{"line":41,"column":2}},"19":{"start":{"line":42,"column":0},"end":{"line":42,"column":26}},"20":{"start":{"line":45,"column":20},"end":{"line":49,"column":2}},"21":{"start":{"line":50,"column":0},"end":{"line":50,"column":35}},"22":{"start":{"line":53,"column":0},"end":{"line":53,"column":41}},"23":{"start":{"line":54,"column":0},"end":{"line":54,"column":63}},"24":{"start":{"line":57,"column":0},"end":{"line":59,"column":4}},"25":{"start":{"line":58,"column":28},"end":{"line":58,"column":51}},"26":{"start":{"line":62,"column":0},"end":{"line":62,"column":47}},"27":{"start":{"line":65,"column":0},"end":{"line":67,"column":3}},"28":{"start":{"line":66,"column":2},"end":{"line":66,"column":66}},"29":{"start":{"line":70,"column":0},"end":{"line":70,"column":33}},"30":{"start":{"line":71,"column":0},"end":{"line":71,"column":40}},"31":{"start":{"line":72,"column":0},"end":{"line":72,"column":38}},"32":{"start":{"line":73,"column":0},"end":{"line":73,"column":40}},"33":{"start":{"line":74,"column":0},"end":{"line":74,"column":43}},"34":{"start":{"line":77,"column":0},"end":{"line":79,"column":3}},"35":{"start":{"line":78,"column":2},"end":{"line":78,"column":53}},"36":{"start":{"line":82,"column":0},"end":{"line":82,"column":22}},"37":{"start":{"line":85,"column":20},"end":{"line":95,"column":1}},"38":{"start":{"line":86,"column":2},"end":{"line":94,"column":3}},"39":{"start":{"line":87,"column":4},"end":{"line":87,"column":22}},"40":{"start":{"line":88,"column":4},"end":{"line":90,"column":7}},"41":{"start":{"line":89,"column":6},"end":{"line":89,"column":84}},"42":{"start":{"line":92,"column":4},"end":{"line":92,"column":51}},"43":{"start":{"line":93,"column":4},"end":{"line":93,"column":20}},"44":{"start":{"line":97,"column":0},"end":{"line":99,"column":1}},"45":{"start":{"line":98,"column":2},"end":{"line":98,"column":16}},"46":{"start":{"line":101,"column":0},"end":{"line":101,"column":21}}},"fnMap":{"0":{"name":"(anonymous_0)","decl":{"start":{"line":58,"column":19},"end":{"line":58,"column":20}},"loc":{"start":{"line":58,"column":28},"end":{"line":58,"column":51}},"line":58},"1":{"name":"(anonymous_1)","decl":{"start":{"line":65,"column":19},"end":{"line":65,"column":20}},"loc":{"start":{"line":65,"column":33},"end":{"line":67,"column":1}},"line":65},"2":{"name":"(anonymous_2)","decl":{"start":{"line":77,"column":8},"end":{"line":77,"column":9}},"loc":{"start":{"line":77,"column":22},"end":{"line":79,"column":1}},"line":77},"3":{"name":"(anonymous_3)","decl":{"start":{"line":85,"column":20},"end":{"line":85,"column":21}},"loc":{"start":{"line":85,"column":32},"end":{"line":95,"column":1}},"line":85},"4":{"name":"(anonymous_4)","decl":{"start":{"line":88,"column":21},"end":{"line":88,"column":22}},"loc":{"start":{"line":88,"column":27},"end":{"line":90,"column":5}},"line":88}},"branchMap":{"0":{"loc":{"start":{"line":25,"column":13},"end":{"line":25,"column":37}},"type":"binary-expr","locations":[{"start":{"line":25,"column":13},"end":{"line":25,"column":29}},{"start":{"line":25,"column":33},"end":{"line":25,"column":37}}],"line":25},"1":{"loc":{"start":{"line":30,"column":10},"end":{"line":30,"column":59}},"type":"binary-expr","locations":[{"start":{"line":30,"column":10},"end":{"line":30,"column":32}},{"start":{"line":30,"column":36},"end":{"line":30,"column":59}}],"line":30},"2":{"loc":{"start":{"line":97,"column":0},"end":{"line":99,"column":1}},"type":"if","locations":[{"start":{"line":97,"column":0},"end":{"line":99,"column":1}},{"start":{},"end":{}}],"line":97}},"s":{"0":1,"1":1,"2":1,"3":1,"4":1,"5":1,"6":1,"7":1,"8":1,"9":1,"10":1,"11":1,"12":1,"13":1,"14":1,"15":1,"16":1,"17":1,"18":1,"19":1,"20":1,"21":1,"22":1,"23":1,"24":1,"25":0,"26":1,"27":1,"28":0,"29":1,"30":1,"31":1,"32":1,"33":1,"34":1,"35":0,"36":1,"37":1,"38":0,"39":0,"40":0,"41":0,"42":0,"43":0,"44":1,"45":0,"46":1},"f":{"0":0,"1":0,"2":0,"3":0,"4":0},"b":{"0":[1,1],"1":[1,1],"2":[0,1]},"_coverageSchema":"1a1c01bbd47fc00a2c39e90264f33305004495a9","hash":"275a156b91db65dec74d6919778e3478c06216e5"}
,"/home/runner/work/Expense-Tracker/Expense-Tracker/backend/src/config/database.js": {"path":"/home/runner/work/Expense-Tracker/Expense-Tracker/backend/src/config/database.js","statementMap":{"0":{"start":{"line":5,"column":17},"end":{"line":5,"column":36}},"1":{"start":{"line":6,"column":15},"end":{"line":6,"column":41}},"2":{"start":{"line":8,"column":18},"end":{"line":32,"column":1}},"3":{"start":{"line":9,"column":14},"end":{"line":9,"column":84}},"4":{"start":{"line":11,"column":2},"end":{"line":31,"column":3}},"5":{"start":{"line":12,"column":17},"end":{"line":15,"column":6}},"6":{"start":{"line":17,"column":4},"end":{"line":17,"column":62}},"7":{"start":{"line":20,"column":4},"end":{"line":22,"column":7}},"8":{"start":{"line":21,"column":6},"end":{"line":21,"column":67}},"9":{"start":{"line":24,"column":4},"end":{"line":26,"column":7}},"10":{"start":{"line":25,"column":6},"end":{"line":25,"column":53}},"11":{"start":{"line":29,"column":4},"end":{"line":29,"column":62}},"12":{"start":{"line":30,"column":4},"end":{"line":30,"column":16}},"13":{"start":{"line":34,"column":0},"end":{"line":34,"column":27}}},"fnMap":{"0":{"name":"(anonymous_0)","decl":{"start":{"line":8,"column":18},"end":{"line":8,"column":19}},"loc":{"start":{"line":8,"column":30},"end":{"line":32,"column":1}},"line":8},"1":{"name":"(anonymous_1)","decl":{"start":{"line":20,"column":43},"end":{"line":20,"column":44}},"loc":{"start":{"line":20,"column":49},"end":{"line":22,"column":5}},"line":20},"2":{"name":"(anonymous_2)","decl":{"start":{"line":24,"column":36},"end":{"line":24,"column":37}},"loc":{"start":{"line":24,"column":45},"end":{"line":26,"column":5}},"line":24}},"branchMap":{"0":{"loc":{"start":{"line":9,"column":14},"end":{"line":9,"column":84}},"type":"binary-expr","locations":[{"start":{"line":9,"column":14},"end":{"line":9,"column":37}},{"start":{"line":9,"column":41},"end":{"line":9,"column":84}}],"line":9}},"s":{"0":1,"1":1,"2":1,"3":0,"4":0,"5":0,"6":0,"7":0,"8":0,"9":0,"10":0,"11":0,"12":0,"13":1},"f":{"0":0,"1":0,"2":0},"b":{"0":[0,0]},"_coverageSchema":"1a1c01bbd47fc00a2c39e90264f33305004495a9","hash":"bce6b5c5979fbea47e4d228b9567d1774e2fb8d2"}
,"/home/runner/work/Expense-Tracker/Expense-Tracker/backend/src/controllers/authController.js": {"path":"/home/runner/work/Expense-Tracker/Expense-Tracker/backend/src/controllers/authController.js","statementMap":{"0":{"start":{"line":5,"column":12},"end":{"line":5,"column":35}},"1":{"start":{"line":6,"column":29},"end":{"line":6,"column":57}},"2":{"start":{"line":7,"column":13},"end":{"line":7,"column":38}},"3":{"start":{"line":8,"column":15},"end":{"line":8,"column":41}},"4":{"start":{"line":11,"column":22},"end":{"line":17,"column":1}},"5":{"start":{"line":12,"column":2},"end":{"line":16,"column":4}},"6":{"start":{"line":23,"column":17},"end":{"line":51,"column":1}},"7":{"start":{"line":24,"column":2},"end":{"line":50,"column":3}},"8":{"start":{"line":25,"column":19},"end":{"line":25,"column":40}},"9":{"start":{"line":26,"column":4},"end":{"line":28,"column":5}},"10":{"start":{"line":27,"column":6},"end":{"line":27,"column":62}},"11":{"start":{"line":30,"column":38},"end":{"line":30,"column":46}},"12":{"start":{"line":33,"column":25},"end":{"line":33,"column":54}},"13":{"start":{"line":34,"column":4},"end":{"line":36,"column":5}},"14":{"start":{"line":35,"column":6},"end":{"line":35,"column":74}},"15":{"start":{"line":38,"column":17},"end":{"line":38,"column":61}},"16":{"start":{"line":39,"column":18},"end":{"line":39,"column":41}},"17":{"start":{"line":41,"column":4},"end":{"line":41,"column":49}},"18":{"start":{"line":43,"column":4},"end":{"line":47,"column":7}},"19":{"start":{"line":49,"column":4},"end":{"line":49,"column":16}},"20":{"start":{"line":57,"column":14},"end":{"line":91,"column":1}},"21":{"start":{"line":58,"column":2},"end":{"line":90,"column":3}},"22":{"start":{"line":59,"column":19},"end":{"line":59,"column":40}},"23":{"start":{"line":60,"column":4},"end":{"line":62,"column":5}},"24":{"start":{"line":61,"column":6},"end":{"line":61,"column":62}},"25":{"start":{"line":64,"column":32},"end":{"line":64,"column":40}},"26":{"start":{"line":67,"column":17},"end":{"line":67,"column":66}},"27":{"start":{"line":68,"column":4},"end":{"line":70,"column":5}},"28":{"start":{"line":69,"column":6},"end":{"line":69,"column":75}},"29":{"start":{"line":72,"column":20},"end":{"line":72,"column":56}},"30":{"start":{"line":73,"column":4},"end":{"line":75,"column":5}},"31":{"start":{"line":74,"column":6},"end":{"line":74,"column":75}},"32":{"start":{"line":78,"column":4},"end":{"line":78,"column":32}},"33":{"start":{"line":79,"column":4},"end":{"line":79,"column":51}},"34":{"start":{"line":81,"column":18},"end":{"line":81,"column":41}},"35":{"start":{"line":83,"column":4},"end":{"line":87,"column":7}},"36":{"start":{"line":89,"column":4},"end":{"line":89,"column":16}},"37":{"start":{"line":97,"column":14},"end":{"line":99,"column":1}},"38":{"start":{"line":98,"column":2},"end":{"line":98,"column":31}},"39":{"start":{"line":105,"column":22},"end":{"line":117,"column":1}},"40":{"start":{"line":106,"column":2},"end":{"line":116,"column":3}},"41":{"start":{"line":107,"column":34},"end":{"line":107,"column":42}},"42":{"start":{"line":108,"column":17},"end":{"line":112,"column":5}},"43":{"start":{"line":113,"column":4},"end":{"line":113,"column":23}},"44":{"start":{"line":115,"column":4},"end":{"line":115,"column":16}},"45":{"start":{"line":122,"column":23},"end":{"line":139,"column":1}},"46":{"start":{"line":123,"column":2},"end":{"line":138,"column":3}},"47":{"start":{"line":124,"column":45},"end":{"line":124,"column":53}},"48":{"start":{"line":125,"column":17},"end":{"line":125,"column":70}},"49":{"start":{"line":127,"column":20},"end":{"line":127,"column":63}},"50":{"start":{"line":128,"column":4},"end":{"line":130,"column":5}},"51":{"start":{"line":129,"column":6},"end":{"line":129,"column":79}},"52":{"start":{"line":132,"column":4},"end":{"line":132,"column":32}},"53":{"start":{"line":133,"column":4},"end":{"line":133,"column":22}},"54":{"start":{"line":135,"column":4},"end":{"line":135,"column":60}},"55":{"start":{"line":137,"column":4},"end":{"line":137,"column":16}},"56":{"start":{"line":141,"column":0},"end":{"line":141,"column":75}}},"fnMap":{"0":{"name":"(anonymous_0)","decl":{"start":{"line":11,"column":22},"end":{"line":11,"column":23}},"loc":{"start":{"line":11,"column":34},"end":{"line":17,"column":1}},"line":11},"1":{"name":"(anonymous_1)","decl":{"start":{"line":23,"column":17},"end":{"line":23,"column":18}},"loc":{"start":{"line":23,"column":43},"end":{"line":51,"column":1}},"line":23},"2":{"name":"(anonymous_2)","decl":{"start":{"line":57,"column":14},"end":{"line":57,"column":15}},"loc":{"start":{"line":57,"column":40},"end":{"line":91,"column":1}},"line":57},"3":{"name":"(anonymous_3)","decl":{"start":{"line":97,"column":14},"end":{"line":97,"column":15}},"loc":{"start":{"line":97,"column":34},"end":{"line":99,"column":1}},"line":97},"4":{"name":"(anonymous_4)","decl":{"start":{"line":105,"column":22},"end":{"line":105,"column":23}},"loc":{"start":{"line":105,"column":48},"end":{"line":117,"column":1}},"line":105},"5":{"name":"(anonymous_5)","decl":{"start":{"line":122,"column":23},"end":{"line":122,"column":24}},"loc":{"start":{"line":122,"column":49},"end":{"line":139,"column":1}},"line":122}},"branchMap":{"0":{"loc":{"start":{"line":15,"column":17},"end":{"line":15,"column":47}},"type":"binary-expr","locations":[{"start":{"line":15,"column":17},"end":{"line":15,"column":39}},{"start":{"line":15,"column":43},"end":{"line":15,"column":47}}],"line":15},"1":{"loc":{"start":{"line":26,"column":4},"end":{"line":28,"column":5}},"type":"if","locations":[{"start":{"line":26,"column":4},"end":{"line":28,"column":5}},{"start":{},"end":{}}],"line":26},"2":{"loc":{"start":{"line":34,"column":4},"end":{"line":36,"column":5}},"type":"if","locations":[{"start":{"line":34,"column":4},"end":{"line":36,"column":5}},{"start":{},"end":{}}],"line":34},"3":{"loc":{"start":{"line":60,"column":4},"end":{"line":62,"column":5}},"type":"if","locations":[{"start":{"line":60,"column":4},"end":{"line":62,"column":5}},{"start":{},"end":{}}],"line":60},"4":{"loc":{"start":{"line":68,"column":4},"end":{"line":70,"column":5}},"type":"if","locations":[{"start":{"line":68,"column":4},"end":{"line":70,"column":5}},{"start":{},"end":{}}],"line":68},"5":{"loc":{"start":{"line":73,"column":4},"end":{"line":75,"column":5}},"type":"if","locations":[{"start":{"line":73,"column":4},"end":{"line":75,"column":5}},{"start":{},"end":{}}],"line":73},"6":{"loc":{"start":{"line":128,"column":4},"end":{"line":130,"column":5}},"type":"if","locations":[{"start":{"line":128,"column":4},"end":{"line":130,"column":5}},{"start":{},"end":{}}],"line":128}},"s":{"0":1,"1":1,"2":1,"3":1,"4":1,"5":0,"6":1,"7":0,"8":0,"9":0,"10":0,"11":0,"12":0,"13":0,"14":0,"15":0,"16":0,"17":0,"18":0,"19":0,"20":1,"21":0,"22":0,"23":0,"24":0,"25":0,"26":0,"27":0,"28":0,"29":0,"30":0,"31":0,"32":0,"33":0,"34":0,"35":0,"36":0,"37":1,"38":0,"39":1,"40":0,"41":0,"42":0,"43":0,"44":0,"45":1,"46":0,"47":0,"48":0,"49":0,"50":0,"51":0,"52":0,"53":0,"54":0,"55":0,"56":1},"f":{"0":0,"1":0,"2":0,"3":0,"4":0,"5":0},"b":{"0":[0,0],"1":[0,0],"2":[0,0],"3":[0,0],"4":[0,0],"5":[0,0],"6":[0,0]},"_coverageSchema":"1a1c01bbd47fc00a2c39e90264f33305004495a9","hash":"a71e2d80a36ee7f931ed118f020d840e978ff364"}
,"/home/runner/work/Expense-Tracker/Expense-Tracker/backend/src/controllers/expenseController.js": {"path":"/home/runner/work/Expense-Tracker/Expense-Tracker/backend/src/controllers/expenseController.js","statementMap":{"0":{"start":{"line":5,"column":29},"end":{"line":5,"column":57}},"1":{"start":{"line":6,"column":16},"end":{"line":6,"column":44}},"2":{"start":{"line":7,"column":15},"end":{"line":7,"column":42}},"3":{"start":{"line":8,"column":18},"end":{"line":8,"column":47}},"4":{"start":{"line":9,"column":15},"end":{"line":9,"column":41}},"5":{"start":{"line":15,"column":22},"end":{"line":78,"column":1}},"6":{"start":{"line":16,"column":2},"end":{"line":77,"column":3}},"7":{"start":{"line":17,"column":19},"end":{"line":17,"column":40}},"8":{"start":{"line":18,"column":4},"end":{"line":20,"column":5}},"9":{"start":{"line":19,"column":6},"end":{"line":19,"column":62}},"10":{"start":{"line":22,"column":88},"end":{"line":22,"column":96}},"11":{"start":{"line":24,"column":24},"end":{"line":24,"column":32}},"12":{"start":{"line":25,"column":21},"end":{"line":25,"column":25}},"13":{"start":{"line":26,"column":23},"end":{"line":26,"column":27}},"14":{"start":{"line":27,"column":25},"end":{"line":27,"column":33}},"15":{"start":{"line":30,"column":4},"end":{"line":41,"column":5}},"16":{"start":{"line":31,"column":6},"end":{"line":40,"column":7}},"17":{"start":{"line":32,"column":25},"end":{"line":32,"column":72}},"18":{"start":{"line":33,"column":8},"end":{"line":33,"column":39}},"19":{"start":{"line":34,"column":8},"end":{"line":34,"column":43}},"20":{"start":{"line":35,"column":8},"end":{"line":35,"column":42}},"21":{"start":{"line":36,"column":8},"end":{"line":36,"column":30}},"22":{"start":{"line":38,"column":8},"end":{"line":38,"column":87}},"23":{"start":{"line":39,"column":8},"end":{"line":39,"column":32}},"24":{"start":{"line":44,"column":18},"end":{"line":44,"column":22}},"25":{"start":{"line":45,"column":4},"end":{"line":53,"column":5}},"26":{"start":{"line":46,"column":6},"end":{"line":52,"column":8}},"27":{"start":{"line":55,"column":20},"end":{"line":69,"column":6}},"28":{"start":{"line":72,"column":4},"end":{"line":72,"column":70}},"29":{"start":{"line":74,"column":4},"end":{"line":74,"column":38}},"30":{"start":{"line":76,"column":4},"end":{"line":76,"column":16}},"31":{"start":{"line":84,"column":20},"end":{"line":144,"column":1}},"32":{"start":{"line":85,"column":2},"end":{"line":143,"column":3}},"33":{"start":{"line":97,"column":8},"end":{"line":97,"column":17}},"34":{"start":{"line":99,"column":19},"end":{"line":99,"column":41}},"35":{"start":{"line":101,"column":4},"end":{"line":101,"column":45}},"36":{"start":{"line":101,"column":18},"end":{"line":101,"column":45}},"37":{"start":{"line":102,"column":4},"end":{"line":106,"column":5}},"38":{"start":{"line":103,"column":6},"end":{"line":103,"column":23}},"39":{"start":{"line":104,"column":6},"end":{"line":104,"column":60}},"40":{"start":{"line":104,"column":21},"end":{"line":104,"column":60}},"41":{"start":{"line":105,"column":6},"end":{"line":105,"column":56}},"42":{"start":{"line":105,"column":19},"end":{"line":105,"column":56}},"43":{"start":{"line":107,"column":4},"end":{"line":113,"column":5}},"44":{"start":{"line":108,"column":6},"end":{"line":112,"column":8}},"45":{"start":{"line":114,"column":4},"end":{"line":118,"column":5}},"46":{"start":{"line":115,"column":6},"end":{"line":115,"column":25}},"47":{"start":{"line":116,"column":6},"end":{"line":116,"column":64}},"48":{"start":{"line":116,"column":21},"end":{"line":116,"column":64}},"49":{"start":{"line":117,"column":6},"end":{"line":117,"column":64}},"50":{"start":{"line":117,"column":21},"end":{"line":117,"column":64}},"51":{"start":{"line":120,"column":17},"end":{"line":120,"column":55}},"52":{"start":{"line":121,"column":20},"end":{"line":121,"column":48}},"53":{"start":{"line":123,"column":30},"end":{"line":130,"column":6}},"54":{"start":{"line":132,"column":4},"end":{"line":140,"column":7}},"55":{"start":{"line":142,"column":4},"end":{"line":142,"column":16}},"56":{"start":{"line":149,"column":19},"end":{"line":157,"column":1}},"57":{"start":{"line":150,"column":2},"end":{"line":156,"column":3}},"58":{"start":{"line":151,"column":20},"end":{"line":151,"column":85}},"59":{"start":{"line":152,"column":4},"end":{"line":152,"column":79}},"60":{"start":{"line":152,"column":18},"end":{"line":152,"column":79}},"61":{"start":{"line":153,"column":4},"end":{"line":153,"column":26}},"62":{"start":{"line":155,"column":4},"end":{"line":155,"column":16}},"63":{"start":{"line":163,"column":22},"end":{"line":199,"column":1}},"64":{"start":{"line":164,"column":2},"end":{"line":198,"column":3}},"65":{"start":{"line":165,"column":20},"end":{"line":165,"column":85}},"66":{"start":{"line":166,"column":4},"end":{"line":166,"column":79}},"67":{"start":{"line":166,"column":18},"end":{"line":166,"column":79}},"68":{"start":{"line":168,"column":42},"end":{"line":168,"column":50}},"69":{"start":{"line":171,"column":4},"end":{"line":187,"column":5}},"70":{"start":{"line":172,"column":6},"end":{"line":172,"column":39}},"71":{"start":{"line":173,"column":6},"end":{"line":173,"column":48}},"72":{"start":{"line":174,"column":6},"end":{"line":177,"column":8}},"73":{"start":{"line":179,"column":6},"end":{"line":184,"column":82}},"74":{"start":{"line":184,"column":22},"end":{"line":184,"column":80}},"75":{"start":{"line":185,"column":11},"end":{"line":187,"column":5}},"76":{"start":{"line":186,"column":6},"end":{"line":186,"column":39}},"77":{"start":{"line":189,"column":20},"end":{"line":193,"column":5}},"78":{"start":{"line":195,"column":4},"end":{"line":195,"column":35}},"79":{"start":{"line":197,"column":4},"end":{"line":197,"column":16}},"80":{"start":{"line":204,"column":22},"end":{"line":212,"column":1}},"81":{"start":{"line":205,"column":2},"end":{"line":211,"column":3}},"82":{"start":{"line":206,"column":20},"end":{"line":206,"column":94}},"83":{"start":{"line":207,"column":4},"end":{"line":207,"column":79}},"84":{"start":{"line":207,"column":18},"end":{"line":207,"column":79}},"85":{"start":{"line":208,"column":4},"end":{"line":208,"column":59}},"86":{"start":{"line":210,"column":4},"end":{"line":210,"column":16}},"87":{"start":{"line":218,"column":26},"end":{"line":226,"column":1}},"88":{"start":{"line":219,"column":2},"end":{"line":225,"column":3}},"89":{"start":{"line":220,"column":36},"end":{"line":220,"column":44}},"90":{"start":{"line":221,"column":19},"end":{"line":221,"column":66}},"91":{"start":{"line":222,"column":4},"end":{"line":222,"column":21}},"92":{"start":{"line":224,"column":4},"end":{"line":224,"column":16}},"93":{"start":{"line":232,"column":26},"end":{"line":268,"column":1}},"94":{"start":{"line":233,"column":2},"end":{"line":267,"column":3}},"95":{"start":{"line":234,"column":55},"end":{"line":234,"column":64}},"96":{"start":{"line":236,"column":24},"end":{"line":236,"column":46}},"97":{"start":{"line":237,"column":4},"end":{"line":246,"column":5}},"98":{"start":{"line":238,"column":24},"end":{"line":238,"column":52}},"99":{"start":{"line":239,"column":22},"end":{"line":239,"column":58}},"100":{"start":{"line":240,"column":6},"end":{"line":240,"column":60}},"101":{"start":{"line":242,"column":6},"end":{"line":245,"column":8}},"102":{"start":{"line":248,"column":20},"end":{"line":262,"column":6}},"103":{"start":{"line":264,"column":4},"end":{"line":264,"column":26}},"104":{"start":{"line":266,"column":4},"end":{"line":266,"column":16}},"105":{"start":{"line":274,"column":29},"end":{"line":313,"column":1}},"106":{"start":{"line":275,"column":2},"end":{"line":312,"column":3}},"107":{"start":{"line":276,"column":35},"end":{"line":276,"column":44}},"108":{"start":{"line":278,"column":24},"end":{"line":284,"column":5}},"109":{"start":{"line":286,"column":22},"end":{"line":297,"column":6}},"110":{"start":{"line":299,"column":26},"end":{"line":299,"column":78}},"111":{"start":{"line":299,"column":58},"end":{"line":299,"column":74}},"112":{"start":{"line":301,"column":19},"end":{"line":307,"column":7}},"113":{"start":{"line":301,"column":42},"end":{"line":307,"column":5}},"114":{"start":{"line":309,"column":4},"end":{"line":309,"column":51}},"115":{"start":{"line":311,"column":4},"end":{"line":311,"column":16}},"116":{"start":{"line":316,"column":25},"end":{"line":344,"column":1}},"117":{"start":{"line":317,"column":2},"end":{"line":343,"column":3}},"118":{"start":{"line":318,"column":18},"end":{"line":318,"column":37}},"119":{"start":{"line":319,"column":17},"end":{"line":319,"column":35}},"120":{"start":{"line":321,"column":19},"end":{"line":321,"column":80}},"121":{"start":{"line":322,"column":4},"end":{"line":322,"column":44}},"122":{"start":{"line":322,"column":37},"end":{"line":322,"column":44}},"123":{"start":{"line":324,"column":22},"end":{"line":324,"column":50}},"124":{"start":{"line":325,"column":20},"end":{"line":325,"column":44}},"125":{"start":{"line":327,"column":18},"end":{"line":330,"column":6}},"126":{"start":{"line":332,"column":23},"end":{"line":332,"column":43}},"127":{"start":{"line":333,"column":23},"end":{"line":333,"column":57}},"128":{"start":{"line":335,"column":4},"end":{"line":340,"column":5}},"129":{"start":{"line":336,"column":6},"end":{"line":336,"column":30}},"130":{"start":{"line":337,"column":6},"end":{"line":337,"column":26}},"131":{"start":{"line":338,"column":6},"end":{"line":338,"column":95}},"132":{"start":{"line":342,"column":4},"end":{"line":342,"column":53}},"133":{"start":{"line":346,"column":0},"end":{"line":355,"column":2}}},"fnMap":{"0":{"name":"(anonymous_0)","decl":{"start":{"line":15,"column":22},"end":{"line":15,"column":23}},"loc":{"start":{"line":15,"column":48},"end":{"line":78,"column":1}},"line":15},"1":{"name":"(anonymous_1)","decl":{"start":{"line":84,"column":20},"end":{"line":84,"column":21}},"loc":{"start":{"line":84,"column":46},"end":{"line":144,"column":1}},"line":84},"2":{"name":"(anonymous_2)","decl":{"start":{"line":149,"column":19},"end":{"line":149,"column":20}},"loc":{"start":{"line":149,"column":45},"end":{"line":157,"column":1}},"line":149},"3":{"name":"(anonymous_3)","decl":{"start":{"line":163,"column":22},"end":{"line":163,"column":23}},"loc":{"start":{"line":163,"column":48},"end":{"line":199,"column":1}},"line":163},"4":{"name":"(anonymous_4)","decl":{"start":{"line":184,"column":15},"end":{"line":184,"column":16}},"loc":{"start":{"line":184,"column":22},"end":{"line":184,"column":80}},"line":184},"5":{"name":"(anonymous_5)","decl":{"start":{"line":204,"column":22},"end":{"line":204,"column":23}},"loc":{"start":{"line":204,"column":48},"end":{"line":212,"column":1}},"line":204},"6":{"name":"(anonymous_6)","decl":{"start":{"line":218,"column":26},"end":{"line":218,"column":27}},"loc":{"start":{"line":218,"column":52},"end":{"line":226,"column":1}},"line":218},"7":{"name":"(anonymous_7)","decl":{"start":{"line":232,"column":26},"end":{"line":232,"column":27}},"loc":{"start":{"line":232,"column":52},"end":{"line":268,"column":1}},"line":232},"8":{"name":"(anonymous_8)","decl":{"start":{"line":274,"column":29},"end":{"line":274,"column":30}},"loc":{"start":{"line":274,"column":55},"end":{"line":313,"column":1}},"line":274},"9":{"name":"(anonymous_9)","decl":{"start":{"line":299,"column":43},"end":{"line":299,"column":44}},"loc":{"start":{"line":299,"column":58},"end":{"line":299,"column":74}},"line":299},"10":{"name":"(anonymous_10)","decl":{"start":{"line":301,"column":33},"end":{"line":301,"column":34}},"loc":{"start":{"line":301,"column":42},"end":{"line":307,"column":5}},"line":301},"11":{"name":"(anonymous_11)","decl":{"start":{"line":316,"column":25},"end":{"line":316,"column":26}},"loc":{"start":{"line":316,"column":59},"end":{"line":344,"column":1}},"line":316}},"branchMap":{"0":{"loc":{"start":{"line":18,"column":4},"end":{"line":20,"column":5}},"type":"if","locations":[{"start":{"line":18,"column":4},"end":{"line":20,"column":5}},{"start":{},"end":{}}],"line":18},"1":{"loc":{"start":{"line":30,"column":4},"end":{"line":41,"column":5}},"type":"if","locations":[{"start":{"line":30,"column":4},"end":{"line":41,"column":5}},{"start":{},"end":{}}],"line":30},"2":{"loc":{"start":{"line":45,"column":4},"end":{"line":53,"column":5}},"type":"if","locations":[{"start":{"line":45,"column":4},"end":{"line":53,"column":5}},{"start":{},"end":{}}],"line":45},"3":{"loc":{"start":{"line":58,"column":16},"end":{"line":58,"column":67}},"type":"binary-expr","locations":[{"start":{"line":58,"column":16},"end":{"line":58,"column":24}},{"start":{"line":58,"column":28},"end":{"line":58,"column":58}},{"start":{"line":58,"column":62},"end":{"line":58,"column":67}}],"line":58},"4":{"loc":{"start":{"line":60,"column":12},"end":{"line":60,"column":30}},"type":"binary-expr","locations":[{"start":{"line":60,"column":12},"end":{"line":60,"column":16}},{"start":{"line":60,"column":20},"end":{"line":60,"column":30}}],"line":60},"5":{"loc":{"start":{"line":66,"column":12},"end":{"line":66,"column":22}},"type":"binary-expr","locations":[{"start":{"line":66,"column":12},"end":{"line":66,"column":16}},{"start":{"line":66,"column":20},"end":{"line":66,"column":22}}],"line":66},"6":{"loc":{"start":{"line":67,"column":19},"end":{"line":67,"column":39}},"type":"binary-expr","locations":[{"start":{"line":67,"column":19},"end":{"line":67,"column":30}},{"start":{"line":67,"column":34},"end":{"line":67,"column":39}}],"line":67},"7":{"loc":{"start":{"line":87,"column":6},"end":{"line":87,"column":14}},"type":"default-arg","locations":[{"start":{"line":87,"column":13},"end":{"line":87,"column":14}}],"line":87},"8":{"loc":{"start":{"line":88,"column":6},"end":{"line":88,"column":16}},"type":"default-arg","locations":[{"start":{"line":88,"column":14},"end":{"line":88,"column":16}}],"line":88},"9":{"loc":{"start":{"line":93,"column":6},"end":{"line":93,"column":21}},"type":"default-arg","locations":[{"start":{"line":93,"column":15},"end":{"line":93,"column":21}}],"line":93},"10":{"loc":{"start":{"line":94,"column":6},"end":{"line":94,"column":24}},"type":"default-arg","locations":[{"start":{"line":94,"column":18},"end":{"line":94,"column":24}}],"line":94},"11":{"loc":{"start":{"line":101,"column":4},"end":{"line":101,"column":45}},"type":"if","locations":[{"start":{"line":101,"column":4},"end":{"line":101,"column":45}},{"start":{},"end":{}}],"line":101},"12":{"loc":{"start":{"line":102,"column":4},"end":{"line":106,"column":5}},"type":"if","locations":[{"start":{"line":102,"column":4},"end":{"line":106,"column":5}},{"start":{},"end":{}}],"line":102},"13":{"loc":{"start":{"line":102,"column":8},"end":{"line":102,"column":28}},"type":"binary-expr","locations":[{"start":{"line":102,"column":8},"end":{"line":102,"column":17}},{"start":{"line":102,"column":21},"end":{"line":102,"column":28}}],"line":102},"14":{"loc":{"start":{"line":104,"column":6},"end":{"line":104,"column":60}},"type":"if","locations":[{"start":{"line":104,"column":6},"end":{"line":104,"column":60}},{"start":{},"end":{}}],"line":104},"15":{"loc":{"start":{"line":105,"column":6},"end":{"line":105,"column":56}},"type":"if","locations":[{"start":{"line":105,"column":6},"end":{"line":105,"column":56}},{"start":{},"end":{}}],"line":105},"16":{"loc":{"start":{"line":107,"column":4},"end":{"line":113,"column":5}},"type":"if","locations":[{"start":{"line":107,"column":4},"end":{"line":113,"column":5}},{"start":{},"end":{}}],"line":107},"17":{"loc":{"start":{"line":114,"column":4},"end":{"line":118,"column":5}},"type":"if","locations":[{"start":{"line":114,"column":4},"end":{"line":118,"column":5}},{"start":{},"end":{}}],"line":114},"18":{"loc":{"start":{"line":114,"column":8},"end":{"line":114,"column":30}},"type":"binary-expr","locations":[{"start":{"line":114,"column":8},"end":{"line":114,"column":17}},{"start":{"line":114,"column":21},"end":{"line":114,"column":30}}],"line":114},"19":{"loc":{"start":{"line":116,"column":6},"end":{"line":116,"column":64}},"type":"if","locations":[{"start":{"line":116,"column":6},"end":{"line":116,"column":64}},{"start":{},"end":{}}],"line":116},"20":{"loc":{"start":{"line":117,"column":6},"end":{"line":117,"column":64}},"type":"if","locations":[{"start":{"line":117,"column":6},"end":{"line":117,"column":64}},{"start":{},"end":{}}],"line":117},"21":{"loc":{"start":{"line":121,"column":20},"end":{"line":121,"column":48}},"type":"cond-expr","locations":[{"start":{"line":121,"column":42},"end":{"line":121,"column":43}},{"start":{"line":121,"column":46},"end":{"line":121,"column":48}}],"line":121},"22":{"loc":{"start":{"line":152,"column":4},"end":{"line":152,"column":79}},"type":"if","locations":[{"start":{"line":152,"column":4},"end":{"line":152,"column":79}},{"start":{},"end":{}}],"line":152},"23":{"loc":{"start":{"line":166,"column":4},"end":{"line":166,"column":79}},"type":"if","locations":[{"start":{"line":166,"column":4},"end":{"line":166,"column":79}},{"start":{},"end":{}}],"line":166},"24":{"loc":{"start":{"line":171,"column":4},"end":{"line":187,"column":5}},"type":"if","locations":[{"start":{"line":171,"column":4},"end":{"line":187,"column":5}},{"start":{"line":185,"column":11},"end":{"line":187,"column":5}}],"line":171},"25":{"loc":{"start":{"line":171,"column":8},"end":{"line":171,"column":49}},"type":"binary-expr","locations":[{"start":{"line":171,"column":8},"end":{"line":171,"column":16}},{"start":{"line":171,"column":20},"end":{"line":171,"column":49}}],"line":171},"26":{"loc":{"start":{"line":185,"column":11},"end":{"line":187,"column":5}},"type":"if","locations":[{"start":{"line":185,"column":11},"end":{"line":187,"column":5}},{"start":{},"end":{}}],"line":185},"27":{"loc":{"start":{"line":207,"column":4},"end":{"line":207,"column":79}},"type":"if","locations":[{"start":{"line":207,"column":4},"end":{"line":207,"column":79}},{"start":{},"end":{}}],"line":207},"28":{"loc":{"start":{"line":234,"column":12},"end":{"line":234,"column":43}},"type":"default-arg","locations":[{"start":{"line":234,"column":19},"end":{"line":234,"column":43}}],"line":234},"29":{"loc":{"start":{"line":237,"column":4},"end":{"line":246,"column":5}},"type":"if","locations":[{"start":{"line":237,"column":4},"end":{"line":246,"column":5}},{"start":{"line":241,"column":11},"end":{"line":246,"column":5}}],"line":237},"30":{"loc":{"start":{"line":281,"column":14},"end":{"line":281,"column":108}},"type":"cond-expr","locations":[{"start":{"line":281,"column":26},"end":{"line":281,"column":45}},{"start":{"line":281,"column":48},"end":{"line":281,"column":108}}],"line":281},"31":{"loc":{"start":{"line":282,"column":14},"end":{"line":282,"column":54}},"type":"cond-expr","locations":[{"start":{"line":282,"column":24},"end":{"line":282,"column":41}},{"start":{"line":282,"column":44},"end":{"line":282,"column":54}}],"line":282},"32":{"loc":{"start":{"line":306,"column":18},"end":{"line":306,"column":76}},"type":"cond-expr","locations":[{"start":{"line":306,"column":38},"end":{"line":306,"column":72}},{"start":{"line":306,"column":75},"end":{"line":306,"column":76}}],"line":306},"33":{"loc":{"start":{"line":322,"column":4},"end":{"line":322,"column":44}},"type":"if","locations":[{"start":{"line":322,"column":4},"end":{"line":322,"column":44}},{"start":{},"end":{}}],"line":322},"34":{"loc":{"start":{"line":322,"column":8},"end":{"line":322,"column":35}},"type":"binary-expr","locations":[{"start":{"line":322,"column":8},"end":{"line":322,"column":15}},{"start":{"line":322,"column":19},"end":{"line":322,"column":35}}],"line":322},"35":{"loc":{"start":{"line":332,"column":23},"end":{"line":332,"column":43}},"type":"binary-expr","locations":[{"start":{"line":332,"column":23},"end":{"line":332,"column":38}},{"start":{"line":332,"column":42},"end":{"line":332,"column":43}}],"line":332},"36":{"loc":{"start":{"line":335,"column":4},"end":{"line":340,"column":5}},"type":"if","locations":[{"start":{"line":335,"column":4},"end":{"line":340,"column":5}},{"start":{},"end":{}}],"line":335}},"s":{"0":1,"1":1,"2":1,"3":1,"4":1,"5":1,"6":0,"7":0,"8":0,"9":0,"10":0,"11":0,"12":0,"13":0,"14":0,"15":0,"16":0,"17":0,"18":0,"19":0,"20":0,"21":0,"22":0,"23":0,"24":0,"25":0,"26":0,"27":0,"28":0,"29":0,"30":0,"31":1,"32":0,"33":0,"34":0,"35":0,"36":0,"37":0,"38":0,"39":0,"40":0,"41":0,"42":0,"43":0,"44":0,"45":0,"46":0,"47":0,"48":0,"49":0,"50":0,"51":0,"52":0,"53":0,"54":0,"55":0,"56":1,"57":0,"58":0,"59":0,"60":0,"61":0,"62":0,"63":1,"64":0,"65":0,"66":0,"67":0,"68":0,"69":0,"70":0,"71":0,"72":0,"73":0,"74":0,"75":0,"76":0,"77":0,"78":0,"79":0,"80":1,"81":0,"82":0,"83":0,"84":0,"85":0,"86":0,"87":1,"88":0,"89":0,"90":0,"91":0,"92":0,"93":1,"94":0,"95":0,"96":0,"97":0,"98":0,"99":0,"100":0,"101":0,"102":0,"103":0,"104":0,"105":1,"106":0,"107":0,"108":0,"109":0,"110":0,"111":0,"112":0,"113":0,"114":0,"115":0,"116":1,"117":0,"118":0,"119":0,"120":0,"121":0,"122":0,"123":0,"124":0,"125":0,"126":0,"127":0,"128":0,"129":0,"130":0,"131":0,"132":0,"133":1},"f":{"0":0,"1":0,"2":0,"3":0,"4":0,"5":0,"6":0,"7":0,"8":0,"9":0,"10":0,"11":0},"b":{"0":[0,0],"1":[0,0],"2":[0,0],"3":[0,0,0],"4":[0,0],"5":[0,0],"6":[0,0],"7":[0],"8":[0],"9":[0],"10":[0],"11":[0,0],"12":[0,0],"13":[0,0],"14":[0,0],"15":[0,0],"16":[0,0],"17":[0,0],"18":[0,0],"19":[0,0],"20":[0,0],"21":[0,0],"22":[0,0],"23":[0,0],"24":[0,0],"25":[0,0],"26":[0,0],"27":[0,0],"28":[0],"29":[0,0],"30":[0,0],"31":[0,0],"32":[0,0],"33":[0,0],"34":[0,0],"35":[0,0],"36":[0,0]},"_coverageSchema":"1a1c01bbd47fc00a2c39e90264f33305004495a9","hash":"e1afb895fb53acfed51aa2c30b2415729908f224"}
,"/home/runner/work/Expense-Tracker/Expense-Tracker/backend/src/middleware/auth.js": {"path":"/home/runner/work/Expense-Tracker/Expense-Tracker/backend/src/middleware/auth.js","statementMap":{"0":{"start":{"line":5,"column":12},"end":{"line":5,"column":35}},"1":{"start":{"line":6,"column":13},"end":{"line":6,"column":38}},"2":{"start":{"line":7,"column":15},"end":{"line":7,"column":41}},"3":{"start":{"line":9,"column":16},"end":{"line":40,"column":1}},"4":{"start":{"line":10,"column":2},"end":{"line":39,"column":3}},"5":{"start":{"line":12,"column":23},"end":{"line":12,"column":48}},"6":{"start":{"line":13,"column":4},"end":{"line":15,"column":5}},"7":{"start":{"line":14,"column":6},"end":{"line":14,"column":82}},"8":{"start":{"line":17,"column":18},"end":{"line":17,"column":42}},"9":{"start":{"line":20,"column":20},"end":{"line":20,"column":61}},"10":{"start":{"line":23,"column":17},"end":{"line":23,"column":68}},"11":{"start":{"line":24,"column":4},"end":{"line":26,"column":5}},"12":{"start":{"line":25,"column":6},"end":{"line":25,"column":79}},"13":{"start":{"line":28,"column":4},"end":{"line":28,"column":20}},"14":{"start":{"line":29,"column":4},"end":{"line":29,"column":11}},"15":{"start":{"line":31,"column":4},"end":{"line":33,"column":5}},"16":{"start":{"line":32,"column":6},"end":{"line":32,"column":83}},"17":{"start":{"line":34,"column":4},"end":{"line":36,"column":5}},"18":{"start":{"line":35,"column":6},"end":{"line":35,"column":63}},"19":{"start":{"line":37,"column":4},"end":{"line":37,"column":50}},"20":{"start":{"line":38,"column":4},"end":{"line":38,"column":62}},"21":{"start":{"line":42,"column":0},"end":{"line":42,"column":29}}},"fnMap":{"0":{"name":"(anonymous_0)","decl":{"start":{"line":9,"column":16},"end":{"line":9,"column":17}},"loc":{"start":{"line":9,"column":42},"end":{"line":40,"column":1}},"line":9}},"branchMap":{"0":{"loc":{"start":{"line":13,"column":4},"end":{"line":15,"column":5}},"type":"if","locations":[{"start":{"line":13,"column":4},"end":{"line":15,"column":5}},{"start":{},"end":{}}],"line":13},"1":{"loc":{"start":{"line":13,"column":8},"end":{"line":13,"column":56}},"type":"binary-expr","locations":[{"start":{"line":13,"column":8},"end":{"line":13,"column":19}},{"start":{"line":13,"column":23},"end":{"line":13,"column":56}}],"line":13},"2":{"loc":{"start":{"line":24,"column":4},"end":{"line":26,"column":5}},"type":"if","locations":[{"start":{"line":24,"column":4},"end":{"line":26,"column":5}},{"start":{},"end":{}}],"line":24},"3":{"loc":{"start":{"line":31,"column":4},"end":{"line":33,"column":5}},"type":"if","locations":[{"start":{"line":31,"column":4},"end":{"line":33,"column":5}},{"start":{},"end":{}}],"line":31},"4":{"loc":{"start":{"line":34,"column":4},"end":{"line":36,"column":5}},"type":"if","locations":[{"start":{"line":34,"column":4},"end":{"line":36,"column":5}},{"start":{},"end":{}}],"line":34}},"s":{"0":1,"1":1,"2":1,"3":1,"4":0,"5":0,"6":0,"7":0,"8":0,"9":0,"10":0,"11":0,"12":0,"13":0,"14":0,"15":0,"16":0,"17":0,"18":0,"19":0,"20":0,"21":1},"f":{"0":0},"b":{"0":[0,0],"1":[0,0],"2":[0,0],"3":[0,0],"4":[0,0]},"_coverageSchema":"1a1c01bbd47fc00a2c39e90264f33305004495a9","hash":"20eafa40b6f497052cc7ed9f6e41051d5cb53727"}
,"/home/runner/work/Expense-Tracker/Expense-Tracker/backend/src/middleware/errorHandler.js": {"path":"/home/runner/work/Expense-Tracker/Expense-Tracker/backend/src/middleware/errorHandler.js","statementMap":{"0":{"start":{"line":5,"column":15},"end":{"line":5,"column":41}},"1":{"start":{"line":7,"column":21},"end":{"line":44,"column":1}},"2":{"start":{"line":8,"column":19},"end":{"line":8,"column":40}},"3":{"start":{"line":9,"column":16},"end":{"line":9,"column":54}},"4":{"start":{"line":12,"column":2},"end":{"line":16,"column":3}},"5":{"start":{"line":13,"column":4},"end":{"line":13,"column":21}},"6":{"start":{"line":14,"column":19},"end":{"line":14,"column":64}},"7":{"start":{"line":14,"column":54},"end":{"line":14,"column":63}},"8":{"start":{"line":15,"column":4},"end":{"line":15,"column":32}},"9":{"start":{"line":19,"column":2},"end":{"line":23,"column":3}},"10":{"start":{"line":20,"column":4},"end":{"line":20,"column":21}},"11":{"start":{"line":21,"column":18},"end":{"line":21,"column":46}},"12":{"start":{"line":22,"column":4},"end":{"line":22,"column":41}},"13":{"start":{"line":26,"column":2},"end":{"line":29,"column":3}},"14":{"start":{"line":27,"column":4},"end":{"line":27,"column":21}},"15":{"start":{"line":28,"column":4},"end":{"line":28,"column":50}},"16":{"start":{"line":32,"column":2},"end":{"line":38,"column":3}},"17":{"start":{"line":33,"column":4},"end":{"line":37,"column":7}},"18":{"start":{"line":40,"column":2},"end":{"line":43,"column":5}},"19":{"start":{"line":46,"column":0},"end":{"line":46,"column":30}}},"fnMap":{"0":{"name":"(anonymous_0)","decl":{"start":{"line":7,"column":21},"end":{"line":7,"column":22}},"loc":{"start":{"line":7,"column":46},"end":{"line":44,"column":1}},"line":7},"1":{"name":"(anonymous_1)","decl":{"start":{"line":14,"column":49},"end":{"line":14,"column":50}},"loc":{"start":{"line":14,"column":54},"end":{"line":14,"column":63}},"line":14}},"branchMap":{"0":{"loc":{"start":{"line":8,"column":19},"end":{"line":8,"column":40}},"type":"binary-expr","locations":[{"start":{"line":8,"column":19},"end":{"line":8,"column":33}},{"start":{"line":8,"column":37},"end":{"line":8,"column":40}}],"line":8},"1":{"loc":{"start":{"line":9,"column":16},"end":{"line":9,"column":54}},"type":"binary-expr","locations":[{"start":{"line":9,"column":16},"end":{"line":9,"column":27}},{"start":{"line":9,"column":31},"end":{"line":9,"column":54}}],"line":9},"2":{"loc":{"start":{"line":12,"column":2},"end":{"line":16,"column":3}},"type":"if","locations":[{"start":{"line":12,"column":2},"end":{"line":16,"column":3}},{"start":{},"end":{}}],"line":12},"3":{"loc":{"start":{"line":19,"column":2},"end":{"line":23,"column":3}},"type":"if","locations":[{"start":{"line":19,"column":2},"end":{"line":23,"column":3}},{"start":{},"end":{}}],"line":19},"4":{"loc":{"start":{"line":26,"column":2},"end":{"line":29,"column":3}},"type":"if","locations":[{"start":{"line":26,"column":2},"end":{"line":29,"column":3}},{"start":{},"end":{}}],"line":26},"5":{"loc":{"start":{"line":32,"column":2},"end":{"line":38,"column":3}},"type":"if","locations":[{"start":{"line":32,"column":2},"end":{"line":38,"column":3}},{"start":{},"end":{}}],"line":32},"6":{"loc":{"start":{"line":42,"column":8},"end":{"line":42,"column":70}},"type":"binary-expr","locations":[{"start":{"line":42,"column":8},"end":{"line":42,"column":46}},{"start":{"line":42,"column":50},"end":{"line":42,"column":70}}],"line":42}},"s":{"0":1,"1":1,"2":0,"3":0,"4":0,"5":0,"6":0,"7":0,"8":0,"9":0,"10":0,"11":0,"12":0,"13":0,"14":0,"15":0,"16":0,"17":0,"18":0,"19":1},"f":{"0":0,"1":0},"b":{"0":[0,0],"1":[0,0],"2":[0,0],"3":[0,0],"4":[0,0],"5":[0,0],"6":[0,0]},"_coverageSchema":"1a1c01bbd47fc00a2c39e90264f33305004495a9","hash":"3c0a4a4db91ca7a87ec3171e5a78f2ab9d7b3de3"}
,"/home/runner/work/Expense-Tracker/Expense-Tracker/backend/src/models/Budget.js": {"path":"/home/runner/work/Expense-Tracker/Expense-Tracker/backend/src/models/Budget.js","statementMap":{"0":{"start":{"line":5,"column":17},"end":{"line":5,"column":36}},"1":{"start":{"line":6,"column":23},"end":{"line":6,"column":43}},"2":{"start":{"line":8,"column":21},"end":{"line":51,"column":2}},"3":{"start":{"line":54,"column":0},"end":{"line":54,"column":82}},"4":{"start":{"line":56,"column":0},"end":{"line":56,"column":56}}},"fnMap":{},"branchMap":{},"s":{"0":1,"1":1,"2":1,"3":1,"4":1},"f":{},"b":{},"_coverageSchema":"1a1c01bbd47fc00a2c39e90264f33305004495a9","hash":"b48e2009291fa674b3c08111c03ffd53add9edca"}
,"/home/runner/work/Expense-Tracker/Expense-Tracker/backend/src/models/Expense.js": {"path":"/home/runner/work/Expense-Tracker/Expense-Tracker/backend/src/models/Expense.js","statementMap":{"0":{"start":{"line":5,"column":17},"end":{"line":5,"column":36}},"1":{"start":{"line":7,"column":19},"end":{"line":22,"column":1}},"2":{"start":{"line":24,"column":22},"end":{"line":101,"column":2}},"3":{"start":{"line":104,"column":0},"end":{"line":104,"column":43}},"4":{"start":{"line":105,"column":0},"end":{"line":105,"column":56}},"5":{"start":{"line":106,"column":0},"end":{"line":106,"column":48}},"6":{"start":{"line":109,"column":0},"end":{"line":114,"column":3}},"7":{"start":{"line":110,"column":2},"end":{"line":113,"column":25}},"8":{"start":{"line":117,"column":0},"end":{"line":117,"column":55}},"9":{"start":{"line":117,"column":44},"end":{"line":117,"column":54}},"10":{"start":{"line":119,"column":0},"end":{"line":119,"column":58}},"11":{"start":{"line":120,"column":0},"end":{"line":120,"column":39}}},"fnMap":{"0":{"name":"(anonymous_0)","decl":{"start":{"line":109,"column":45},"end":{"line":109,"column":46}},"loc":{"start":{"line":109,"column":57},"end":{"line":114,"column":1}},"line":109},"1":{"name":"(anonymous_1)","decl":{"start":{"line":117,"column":38},"end":{"line":117,"column":39}},"loc":{"start":{"line":117,"column":44},"end":{"line":117,"column":54}},"line":117}},"branchMap":{},"s":{"0":1,"1":1,"2":1,"3":1,"4":1,"5":1,"6":1,"7":0,"8":1,"9":0,"10":1,"11":1},"f":{"0":0,"1":0},"b":{},"_coverageSchema":"1a1c01bbd47fc00a2c39e90264f33305004495a9","hash":"ff14649c1ce7f1be3c5fbfb0deeb5706cf54ea86"}
,"/home/runner/work/Expense-Tracker/Expense-Tracker/backend/src/models/User.js": {"path":"/home/runner/work/Expense-Tracker/Expense-Tracker/backend/src/models/User.js","statementMap":{"0":{"start":{"line":5,"column":17},"end":{"line":5,"column":36}},"1":{"start":{"line":6,"column":15},"end":{"line":6,"column":34}},"2":{"start":{"line":8,"column":19},"end":{"line":44,"column":2}},"3":{"start":{"line":47,"column":0},"end":{"line":52,"column":3}},"4":{"start":{"line":48,"column":2},"end":{"line":48,"column":50}},"5":{"start":{"line":48,"column":36},"end":{"line":48,"column":50}},"6":{"start":{"line":49,"column":15},"end":{"line":49,"column":39}},"7":{"start":{"line":50,"column":2},"end":{"line":50,"column":57}},"8":{"start":{"line":51,"column":2},"end":{"line":51,"column":9}},"9":{"start":{"line":55,"column":0},"end":{"line":57,"column":2}},"10":{"start":{"line":56,"column":2},"end":{"line":56,"column":58}},"11":{"start":{"line":60,"column":0},"end":{"line":65,"column":2}},"12":{"start":{"line":61,"column":14},"end":{"line":61,"column":29}},"13":{"start":{"line":62,"column":2},"end":{"line":62,"column":22}},"14":{"start":{"line":63,"column":2},"end":{"line":63,"column":17}},"15":{"start":{"line":64,"column":2},"end":{"line":64,"column":13}},"16":{"start":{"line":67,"column":0},"end":{"line":67,"column":52}}},"fnMap":{"0":{"name":"(anonymous_0)","decl":{"start":{"line":47,"column":23},"end":{"line":47,"column":24}},"loc":{"start":{"line":47,"column":45},"end":{"line":52,"column":1}},"line":47},"1":{"name":"(anonymous_1)","decl":{"start":{"line":55,"column":37},"end":{"line":55,"column":38}},"loc":{"start":{"line":55,"column":72},"end":{"line":57,"column":1}},"line":55},"2":{"name":"(anonymous_2)","decl":{"start":{"line":60,"column":28},"end":{"line":60,"column":29}},"loc":{"start":{"line":60,"column":40},"end":{"line":65,"column":1}},"line":60}},"branchMap":{"0":{"loc":{"start":{"line":48,"column":2},"end":{"line":48,"column":50}},"type":"if","locations":[{"start":{"line":48,"column":2},"end":{"line":48,"column":50}},{"start":{},"end":{}}],"line":48}},"s":{"0":1,"1":1,"2":1,"3":1,"4":0,"5":0,"6":0,"7":0,"8":0,"9":1,"10":0,"11":1,"12":0,"13":0,"14":0,"15":0,"16":1},"f":{"0":0,"1":0,"2":0},"b":{"0":[0,0]},"_coverageSchema":"1a1c01bbd47fc00a2c39e90264f33305004495a9","hash":"3894aa3e8943d7e5fbe995977d96813a4f12b944"}
,"/home/runner/work/Expense-Tracker/Expense-Tracker/backend/src/routes/auth.js": {"path":"/home/runner/work/Expense-Tracker/Expense-Tracker/backend/src/routes/auth.js","statementMap":{"0":{"start":{"line":5,"column":16},"end":{"line":5,"column":34}},"1":{"start":{"line":6,"column":17},"end":{"line":6,"column":45}},"2":{"start":{"line":7,"column":15},"end":{"line":7,"column":31}},"3":{"start":{"line":9,"column":66},"end":{"line":9,"column":106}},"4":{"start":{"line":10,"column":20},"end":{"line":10,"column":49}},"5":{"start":{"line":13,"column":27},"end":{"line":17,"column":1}},"6":{"start":{"line":19,"column":24},"end":{"line":22,"column":1}},"7":{"start":{"line":24,"column":0},"end":{"line":24,"column":55}},"8":{"start":{"line":25,"column":0},"end":{"line":25,"column":46}},"9":{"start":{"line":26,"column":0},"end":{"line":26,"column":34}},"10":{"start":{"line":27,"column":0},"end":{"line":27,"column":42}},"11":{"start":{"line":28,"column":0},"end":{"line":28,"column":56}},"12":{"start":{"line":30,"column":0},"end":{"line":30,"column":24}}},"fnMap":{},"branchMap":{},"s":{"0":1,"1":1,"2":1,"3":1,"4":1,"5":1,"6":1,"7":1,"8":1,"9":1,"10":1,"11":1,"12":1},"f":{},"b":{},"_coverageSchema":"1a1c01bbd47fc00a2c39e90264f33305004495a9","hash":"b03ff15958c31d93a1e825f954d15ab7feaf2372"}
,"/home/runner/work/Expense-Tracker/Expense-Tracker/backend/src/routes/budgets.js": {"path":"/home/runner/work/Expense-Tracker/Expense-Tracker/backend/src/routes/budgets.js","statementMap":{"0":{"start":{"line":5,"column":16},"end":{"line":5,"column":34}},"1":{"start":{"line":6,"column":15},"end":{"line":6,"column":31}},"2":{"start":{"line":7,"column":15},"end":{"line":7,"column":42}},"3":{"start":{"line":8,"column":16},"end":{"line":8,"column":44}},"4":{"start":{"line":9,"column":20},"end":{"line":9,"column":49}},"5":{"start":{"line":11,"column":0},"end":{"line":11,"column":20}},"6":{"start":{"line":14,"column":0},"end":{"line":39,"column":3}},"7":{"start":{"line":15,"column":2},"end":{"line":38,"column":34}},"8":{"start":{"line":16,"column":83},"end":{"line":16,"column":92}},"9":{"start":{"line":17,"column":20},"end":{"line":17,"column":107}},"10":{"start":{"line":20,"column":32},"end":{"line":35,"column":7}},"11":{"start":{"line":21,"column":24},"end":{"line":21,"column":66}},"12":{"start":{"line":22,"column":22},"end":{"line":22,"column":60}},"13":{"start":{"line":24,"column":20},"end":{"line":27,"column":8}},"14":{"start":{"line":29,"column":6},"end":{"line":34,"column":8}},"15":{"start":{"line":37,"column":4},"end":{"line":37,"column":47}},"16":{"start":{"line":38,"column":20},"end":{"line":38,"column":32}},"17":{"start":{"line":42,"column":0},"end":{"line":52,"column":3}},"18":{"start":{"line":43,"column":2},"end":{"line":51,"column":34}},"19":{"start":{"line":44,"column":62},"end":{"line":44,"column":70}},"20":{"start":{"line":45,"column":19},"end":{"line":49,"column":5}},"21":{"start":{"line":50,"column":4},"end":{"line":50,"column":37}},"22":{"start":{"line":51,"column":20},"end":{"line":51,"column":32}},"23":{"start":{"line":55,"column":0},"end":{"line":60,"column":3}},"24":{"start":{"line":56,"column":2},"end":{"line":59,"column":34}},"25":{"start":{"line":57,"column":4},"end":{"line":57,"column":78}},"26":{"start":{"line":58,"column":4},"end":{"line":58,"column":45}},"27":{"start":{"line":59,"column":20},"end":{"line":59,"column":32}},"28":{"start":{"line":62,"column":0},"end":{"line":62,"column":24}}},"fnMap":{"0":{"name":"(anonymous_0)","decl":{"start":{"line":14,"column":16},"end":{"line":14,"column":17}},"loc":{"start":{"line":14,"column":42},"end":{"line":39,"column":1}},"line":14},"1":{"name":"(anonymous_1)","decl":{"start":{"line":20,"column":62},"end":{"line":20,"column":63}},"loc":{"start":{"line":20,"column":80},"end":{"line":35,"column":5}},"line":20},"2":{"name":"(anonymous_2)","decl":{"start":{"line":42,"column":17},"end":{"line":42,"column":18}},"loc":{"start":{"line":42,"column":43},"end":{"line":52,"column":1}},"line":42},"3":{"name":"(anonymous_3)","decl":{"start":{"line":55,"column":22},"end":{"line":55,"column":23}},"loc":{"start":{"line":55,"column":48},"end":{"line":60,"column":1}},"line":55}},"branchMap":{"0":{"loc":{"start":{"line":16,"column":12},"end":{"line":16,"column":45}},"type":"default-arg","locations":[{"start":{"line":16,"column":20},"end":{"line":16,"column":45}}],"line":16},"1":{"loc":{"start":{"line":16,"column":47},"end":{"line":16,"column":78}},"type":"default-arg","locations":[{"start":{"line":16,"column":54},"end":{"line":16,"column":78}}],"line":16},"2":{"loc":{"start":{"line":31,"column":15},"end":{"line":31,"column":35}},"type":"binary-expr","locations":[{"start":{"line":31,"column":15},"end":{"line":31,"column":30}},{"start":{"line":31,"column":34},"end":{"line":31,"column":35}}],"line":31},"3":{"loc":{"start":{"line":32,"column":36},"end":{"line":32,"column":56}},"type":"binary-expr","locations":[{"start":{"line":32,"column":36},"end":{"line":32,"column":51}},{"start":{"line":32,"column":55},"end":{"line":32,"column":56}}],"line":32},"4":{"loc":{"start":{"line":33,"column":22},"end":{"line":33,"column":42}},"type":"binary-expr","locations":[{"start":{"line":33,"column":22},"end":{"line":33,"column":37}},{"start":{"line":33,"column":41},"end":{"line":33,"column":42}}],"line":33},"5":{"loc":{"start":{"line":47,"column":32},"end":{"line":47,"column":52}},"type":"binary-expr","locations":[{"start":{"line":47,"column":32},"end":{"line":47,"column":46}},{"start":{"line":47,"column":50},"end":{"line":47,"column":52}}],"line":47}},"s":{"0":1,"1":1,"2":1,"3":1,"4":1,"5":1,"6":1,"7":0,"8":0,"9":0,"10":0,"11":0,"12":0,"13":0,"14":0,"15":0,"16":0,"17":1,"18":0,"19":0,"20":0,"21":0,"22":0,"23":1,"24":0,"25":0,"26":0,"27":0,"28":1},"f":{"0":0,"1":0,"2":0,"3":0},"b":{"0":[0],"1":[0],"2":[0,0],"3":[0,0],"4":[0,0],"5":[0,0]},"_coverageSchema":"1a1c01bbd47fc00a2c39e90264f33305004495a9","hash":"6c052671a5ad56800e00e3a0e4958850efe72ad4"}
,"/home/runner/work/Expense-Tracker/Expense-Tracker/backend/src/routes/categories.js": {"path":"/home/runner/work/Expense-Tracker/Expense-Tracker/backend/src/routes/categories.js","statementMap":{"0":{"start":{"line":5,"column":16},"end":{"line":5,"column":34}},"1":{"start":{"line":6,"column":15},"end":{"line":6,"column":31}},"2":{"start":{"line":7,"column":23},"end":{"line":7,"column":51}},"3":{"start":{"line":8,"column":20},"end":{"line":8,"column":49}},"4":{"start":{"line":10,"column":0},"end":{"line":12,"column":3}},"5":{"start":{"line":11,"column":2},"end":{"line":11,"column":39}},"6":{"start":{"line":14,"column":0},"end":{"line":14,"column":24}}},"fnMap":{"0":{"name":"(anonymous_0)","decl":{"start":{"line":10,"column":25},"end":{"line":10,"column":26}},"loc":{"start":{"line":10,"column":39},"end":{"line":12,"column":1}},"line":10}},"branchMap":{},"s":{"0":1,"1":1,"2":1,"3":1,"4":1,"5":0,"6":1},"f":{"0":0},"b":{},"_coverageSchema":"1a1c01bbd47fc00a2c39e90264f33305004495a9","hash":"c3d1318628f01ed4c7a9566c878744642f35a715"}
,"/home/runner/work/Expense-Tracker/Expense-Tracker/backend/src/routes/expenses.js": {"path":"/home/runner/work/Expense-Tracker/Expense-Tracker/backend/src/routes/expenses.js","statementMap":{"0":{"start":{"line":5,"column":16},"end":{"line":5,"column":34}},"1":{"start":{"line":6,"column":24},"end":{"line":6,"column":52}},"2":{"start":{"line":7,"column":15},"end":{"line":7,"column":32}},"3":{"start":{"line":8,"column":13},"end":{"line":8,"column":28}},"4":{"start":{"line":9,"column":15},"end":{"line":9,"column":31}},"5":{"start":{"line":20,"column":4},"end":{"line":20,"column":47}},"6":{"start":{"line":21,"column":20},"end":{"line":21,"column":49}},"7":{"start":{"line":22,"column":23},"end":{"line":22,"column":51}},"8":{"start":{"line":25,"column":16},"end":{"line":31,"column":2}},"9":{"start":{"line":26,"column":34},"end":{"line":26,"column":54}},"10":{"start":{"line":28,"column":25},"end":{"line":28,"column":75}},"11":{"start":{"line":29,"column":4},"end":{"line":29,"column":74}},"12":{"start":{"line":32,"column":15},"end":{"line":42,"column":2}},"13":{"start":{"line":36,"column":20},"end":{"line":36,"column":42}},"14":{"start":{"line":37,"column":20},"end":{"line":37,"column":79}},"15":{"start":{"line":38,"column":21},"end":{"line":38,"column":48}},"16":{"start":{"line":39,"column":4},"end":{"line":39,"column":51}},"17":{"start":{"line":39,"column":29},"end":{"line":39,"column":51}},"18":{"start":{"line":40,"column":4},"end":{"line":40,"column":55}},"19":{"start":{"line":45,"column":26},"end":{"line":50,"column":1}},"20":{"start":{"line":53,"column":0},"end":{"line":53,"column":20}},"21":{"start":{"line":56,"column":0},"end":{"line":56,"column":50}},"22":{"start":{"line":57,"column":0},"end":{"line":57,"column":56}},"23":{"start":{"line":58,"column":0},"end":{"line":58,"column":46}},"24":{"start":{"line":61,"column":0},"end":{"line":61,"column":77}},"25":{"start":{"line":62,"column":0},"end":{"line":62,"column":29}},"26":{"start":{"line":63,"column":0},"end":{"line":63,"column":31}},"27":{"start":{"line":64,"column":0},"end":{"line":64,"column":34}},"28":{"start":{"line":65,"column":0},"end":{"line":65,"column":37}},"29":{"start":{"line":67,"column":0},"end":{"line":67,"column":24}}},"fnMap":{"0":{"name":"(anonymous_0)","decl":{"start":{"line":26,"column":15},"end":{"line":26,"column":16}},"loc":{"start":{"line":26,"column":34},"end":{"line":26,"column":54}},"line":26},"1":{"name":"(anonymous_1)","decl":{"start":{"line":27,"column":12},"end":{"line":27,"column":13}},"loc":{"start":{"line":27,"column":31},"end":{"line":30,"column":3}},"line":27},"2":{"name":"(anonymous_2)","decl":{"start":{"line":35,"column":14},"end":{"line":35,"column":15}},"loc":{"start":{"line":35,"column":33},"end":{"line":41,"column":3}},"line":35}},"branchMap":{"0":{"loc":{"start":{"line":39,"column":4},"end":{"line":39,"column":51}},"type":"if","locations":[{"start":{"line":39,"column":4},"end":{"line":39,"column":51}},{"start":{},"end":{}}],"line":39},"1":{"loc":{"start":{"line":39,"column":8},"end":{"line":39,"column":27}},"type":"binary-expr","locations":[{"start":{"line":39,"column":8},"end":{"line":39,"column":15}},{"start":{"line":39,"column":19},"end":{"line":39,"column":27}}],"line":39}},"s":{"0":1,"1":1,"2":1,"3":1,"4":1,"5":1,"6":1,"7":1,"8":1,"9":0,"10":0,"11":0,"12":1,"13":0,"14":0,"15":0,"16":0,"17":0,"18":0,"19":1,"20":1,"21":1,"22":1,"23":1,"24":1,"25":1,"26":1,"27":1,"28":1,"29":1},"f":{"0":0,"1":0,"2":0},"b":{"0":[0,0],"1":[0,0]},"_coverageSchema":"1a1c01bbd47fc00a2c39e90264f33305004495a9","hash":"7c607ebfe230a46feeaa12a736aefd79f51b121d"}
,"/home/runner/work/Expense-Tracker/Expense-Tracker/backend/src/routes/insights.js": {"path":"/home/runner/work/Expense-Tracker/Expense-Tracker/backend/src/routes/insights.js","statementMap":{"0":{"start":{"line":5,"column":16},"end":{"line":5,"column":34}},"1":{"start":{"line":6,"column":15},"end":{"line":6,"column":31}},"2":{"start":{"line":7,"column":16},"end":{"line":7,"column":44}},"3":{"start":{"line":8,"column":18},"end":{"line":8,"column":47}},"4":{"start":{"line":9,"column":20},"end":{"line":9,"column":49}},"5":{"start":{"line":11,"column":0},"end":{"line":11,"column":20}},"6":{"start":{"line":14,"column":0},"end":{"line":49,"column":3}},"7":{"start":{"line":15,"column":2},"end":{"line":48,"column":34}},"8":{"start":{"line":16,"column":19},"end":{"line":16,"column":31}},"9":{"start":{"line":17,"column":16},"end":{"line":17,"column":26}},"10":{"start":{"line":18,"column":22},"end":{"line":18,"column":89}},"11":{"start":{"line":19,"column":22},"end":{"line":22,"column":5}},"12":{"start":{"line":24,"column":63},"end":{"line":38,"column":6}},"13":{"start":{"line":41,"column":21},"end":{"line":41,"column":72}},"14":{"start":{"line":44,"column":27},"end":{"line":44,"column":60}},"15":{"start":{"line":44,"column":52},"end":{"line":44,"column":59}},"16":{"start":{"line":45,"column":23},"end":{"line":45,"column":70}},"17":{"start":{"line":47,"column":4},"end":{"line":47,"column":72}},"18":{"start":{"line":48,"column":20},"end":{"line":48,"column":32}},"19":{"start":{"line":52,"column":19},"end":{"line":52,"column":21}},"20":{"start":{"line":53,"column":21},"end":{"line":53,"column":75}},"21":{"start":{"line":53,"column":57},"end":{"line":53,"column":73}},"22":{"start":{"line":54,"column":18},"end":{"line":54,"column":69}},"23":{"start":{"line":54,"column":51},"end":{"line":54,"column":67}},"24":{"start":{"line":56,"column":2},"end":{"line":77,"column":5}},"25":{"start":{"line":57,"column":17},"end":{"line":57,"column":37}},"26":{"start":{"line":58,"column":17},"end":{"line":58,"column":34}},"27":{"start":{"line":59,"column":4},"end":{"line":76,"column":5}},"28":{"start":{"line":60,"column":21},"end":{"line":60,"column":49}},"29":{"start":{"line":61,"column":6},"end":{"line":68,"column":7}},"30":{"start":{"line":62,"column":8},"end":{"line":67,"column":11}},"31":{"start":{"line":70,"column":6},"end":{"line":75,"column":9}},"32":{"start":{"line":79,"column":2},"end":{"line":79,"column":30}},"33":{"start":{"line":82,"column":0},"end":{"line":82,"column":24}}},"fnMap":{"0":{"name":"(anonymous_0)","decl":{"start":{"line":14,"column":16},"end":{"line":14,"column":17}},"loc":{"start":{"line":14,"column":42},"end":{"line":49,"column":1}},"line":14},"1":{"name":"(anonymous_1)","decl":{"start":{"line":44,"column":47},"end":{"line":44,"column":48}},"loc":{"start":{"line":44,"column":52},"end":{"line":44,"column":59}},"line":44},"2":{"name":"buildLocalInsights","decl":{"start":{"line":51,"column":9},"end":{"line":51,"column":27}},"loc":{"start":{"line":51,"column":43},"end":{"line":80,"column":1}},"line":51},"3":{"name":"(anonymous_3)","decl":{"start":{"line":53,"column":52},"end":{"line":53,"column":53}},"loc":{"start":{"line":53,"column":57},"end":{"line":53,"column":73}},"line":53},"4":{"name":"(anonymous_4)","decl":{"start":{"line":54,"column":46},"end":{"line":54,"column":47}},"loc":{"start":{"line":54,"column":51},"end":{"line":54,"column":67}},"line":54},"5":{"name":"(anonymous_5)","decl":{"start":{"line":56,"column":34},"end":{"line":56,"column":35}},"loc":{"start":{"line":56,"column":46},"end":{"line":77,"column":3}},"line":56}},"branchMap":{"0":{"loc":{"start":{"line":59,"column":4},"end":{"line":76,"column":5}},"type":"if","locations":[{"start":{"line":59,"column":4},"end":{"line":76,"column":5}},{"start":{"line":69,"column":11},"end":{"line":76,"column":5}}],"line":59},"1":{"loc":{"start":{"line":61,"column":6},"end":{"line":68,"column":7}},"type":"if","locations":[{"start":{"line":61,"column":6},"end":{"line":68,"column":7}},{"start":{},"end":{}}],"line":61},"2":{"loc":{"start":{"line":63,"column":16},"end":{"line":63,"column":52}},"type":"cond-expr","locations":[{"start":{"line":63,"column":29},"end":{"line":63,"column":39}},{"start":{"line":63,"column":42},"end":{"line":63,"column":52}}],"line":63},"3":{"loc":{"start":{"line":66,"column":65},"end":{"line":66,"column":93}},"type":"cond-expr","locations":[{"start":{"line":66,"column":78},"end":{"line":66,"column":84}},{"start":{"line":66,"column":87},"end":{"line":66,"column":93}}],"line":66}},"s":{"0":1,"1":1,"2":1,"3":1,"4":1,"5":1,"6":1,"7":0,"8":0,"9":0,"10":0,"11":0,"12":0,"13":0,"14":0,"15":0,"16":0,"17":0,"18":0,"19":0,"20":0,"21":0,"22":0,"23":0,"24":0,"25":0,"26":0,"27":0,"28":0,"29":0,"30":0,"31":0,"32":0,"33":1},"f":{"0":0,"1":0,"2":0,"3":0,"4":0,"5":0},"b":{"0":[0,0],"1":[0,0],"2":[0,0],"3":[0,0]},"_coverageSchema":"1a1c01bbd47fc00a2c39e90264f33305004495a9","hash":"57ab39468b873231ca414d417876c75cc56f250c"}
,"/home/runner/work/Expense-Tracker/Expense-Tracker/backend/src/utils/aiService.js": {"path":"/home/runner/work/Expense-Tracker/Expense-Tracker/backend/src/utils/aiService.js","statementMap":{"0":{"start":{"line":5,"column":14},"end":{"line":5,"column":30}},"1":{"start":{"line":6,"column":15},"end":{"line":6,"column":34}},"2":{"start":{"line":8,"column":23},"end":{"line":8,"column":76}},"3":{"start":{"line":9,"column":22},"end":{"line":9,"column":26}},"4":{"start":{"line":11,"column":17},"end":{"line":18,"column":2}},"5":{"start":{"line":26,"column":19},"end":{"line":29,"column":1}},"6":{"start":{"line":27,"column":19},"end":{"line":27,"column":78}},"7":{"start":{"line":28,"column":2},"end":{"line":28,"column":23}},"8":{"start":{"line":36,"column":20},"end":{"line":44,"column":1}},"9":{"start":{"line":37,"column":2},"end":{"line":43,"column":3}},"10":{"start":{"line":38,"column":21},"end":{"line":38,"column":59}},"11":{"start":{"line":39,"column":4},"end":{"line":39,"column":25}},"12":{"start":{"line":41,"column":4},"end":{"line":41,"column":54}},"13":{"start":{"line":42,"column":4},"end":{"line":42,"column":45}},"14":{"start":{"line":50,"column":23},"end":{"line":53,"column":1}},"15":{"start":{"line":51,"column":19},"end":{"line":51,"column":61}},"16":{"start":{"line":52,"column":2},"end":{"line":52,"column":23}},"17":{"start":{"line":59,"column":24},"end":{"line":67,"column":1}},"18":{"start":{"line":60,"column":2},"end":{"line":66,"column":3}},"19":{"start":{"line":61,"column":21},"end":{"line":61,"column":72}},"20":{"start":{"line":62,"column":4},"end":{"line":62,"column":25}},"21":{"start":{"line":64,"column":4},"end":{"line":64,"column":56}},"22":{"start":{"line":65,"column":4},"end":{"line":65,"column":16}},"23":{"start":{"line":69,"column":0},"end":{"line":69,"column":78}}},"fnMap":{"0":{"name":"(anonymous_0)","decl":{"start":{"line":26,"column":19},"end":{"line":26,"column":20}},"loc":{"start":{"line":26,"column":50},"end":{"line":29,"column":1}},"line":26},"1":{"name":"(anonymous_1)","decl":{"start":{"line":36,"column":20},"end":{"line":36,"column":21}},"loc":{"start":{"line":36,"column":36},"end":{"line":44,"column":1}},"line":36},"2":{"name":"(anonymous_2)","decl":{"start":{"line":50,"column":23},"end":{"line":50,"column":24}},"loc":{"start":{"line":50,"column":43},"end":{"line":53,"column":1}},"line":50},"3":{"name":"(anonymous_3)","decl":{"start":{"line":59,"column":24},"end":{"line":59,"column":25}},"loc":{"start":{"line":59,"column":50},"end":{"line":67,"column":1}},"line":59}},"branchMap":{"0":{"loc":{"start":{"line":8,"column":23},"end":{"line":8,"column":76}},"type":"binary-expr","locations":[{"start":{"line":8,"column":23},"end":{"line":8,"column":49}},{"start":{"line":8,"column":53},"end":{"line":8,"column":76}}],"line":8},"1":{"loc":{"start":{"line":16,"column":17},"end":{"line":16,"column":61}},"type":"binary-expr","locations":[{"start":{"line":16,"column":17},"end":{"line":16,"column":43}},{"start":{"line":16,"column":47},"end":{"line":16,"column":61}}],"line":16}},"s":{"0":1,"1":1,"2":1,"3":1,"4":1,"5":1,"6":0,"7":0,"8":1,"9":0,"10":0,"11":0,"12":0,"13":0,"14":1,"15":0,"16":0,"17":1,"18":0,"19":0,"20":0,"21":0,"22":0,"23":1},"f":{"0":0,"1":0,"2":0,"3":0},"b":{"0":[1,1],"1":[1,1]},"_coverageSchema":"1a1c01bbd47fc00a2c39e90264f33305004495a9","hash":"f92785730776dd497d1f2d1371a04afd4ed4fcf3"}
,"/home/runner/work/Expense-Tracker/Expense-Tracker/backend/src/utils/logger.js": {"path":"/home/runner/work/Expense-Tracker/Expense-Tracker/backend/src/utils/logger.js","statementMap":{"0":{"start":{"line":5,"column":16},"end":{"line":5,"column":34}},"1":{"start":{"line":6,"column":13},"end":{"line":6,"column":28}},"2":{"start":{"line":8,"column":15},"end":{"line":36,"column":2}},"3":{"start":{"line":21,"column":26},"end":{"line":23,"column":16}},"4":{"start":{"line":24,"column":10},"end":{"line":24,"column":65}},"5":{"start":{"line":38,"column":0},"end":{"line":38,"column":24}}},"fnMap":{"0":{"name":"(anonymous_0)","decl":{"start":{"line":20,"column":30},"end":{"line":20,"column":31}},"loc":{"start":{"line":20,"column":74},"end":{"line":25,"column":9}},"line":20}},"branchMap":{"0":{"loc":{"start":{"line":9,"column":9},"end":{"line":9,"column":40}},"type":"binary-expr","locations":[{"start":{"line":9,"column":9},"end":{"line":9,"column":30}},{"start":{"line":9,"column":34},"end":{"line":9,"column":40}}],"line":9},"1":{"loc":{"start":{"line":21,"column":26},"end":{"line":23,"column":16}},"type":"cond-expr","locations":[{"start":{"line":22,"column":14},"end":{"line":22,"column":50}},{"start":{"line":23,"column":14},"end":{"line":23,"column":16}}],"line":21}},"s":{"0":1,"1":1,"2":1,"3":0,"4":0,"5":1},"f":{"0":0},"b":{"0":[1,1],"1":[0,0]},"_coverageSchema":"1a1c01bbd47fc00a2c39e90264f33305004495a9","hash":"0eb7a542616fd7bca3be62ec72c0f3afdd66adc0"}
}
