TN:
SF:src/server.js
FN:58,(anonymous_0)
FN:65,(anonymous_1)
FN:77,(anonymous_2)
FN:85,(anonymous_3)
FN:88,(anonymous_4)
FNF:5
FNH:0
FNDA:0,(anonymous_0)
FNDA:0,(anonymous_1)
FNDA:0,(anonymous_2)
FNDA:0,(anonymous_3)
FNDA:0,(anonymous_4)
DA:6,1
DA:7,1
DA:8,1
DA:9,1
DA:10,1
DA:11,1
DA:13,1
DA:14,1
DA:15,1
DA:18,1
DA:19,1
DA:20,1
DA:21,1
DA:22,1
DA:24,1
DA:25,1
DA:28,1
DA:29,1
DA:35,1
DA:42,1
DA:45,1
DA:50,1
DA:53,1
DA:54,1
DA:57,1
DA:58,0
DA:62,1
DA:65,1
DA:66,0
DA:70,1
DA:71,1
DA:72,1
DA:73,1
DA:74,1
DA:77,1
DA:78,0
DA:82,1
DA:85,1
DA:86,0
DA:87,0
DA:88,0
DA:89,0
DA:92,0
DA:93,0
DA:97,1
DA:98,0
DA:101,1
LF:47
LH:37
BRDA:25,0,0,1
BRDA:25,0,1,1
BRDA:30,1,0,1
BRDA:30,1,1,1
BRDA:97,2,0,0
BRDA:97,2,1,1
BRF:6
BRH:5
end_of_record
TN:
SF:src/config/database.js
FN:8,(anonymous_0)
FN:20,(anonymous_1)
FN:24,(anonymous_2)
FNF:3
FNH:0
FNDA:0,(anonymous_0)
FNDA:0,(anonymous_1)
FNDA:0,(anonymous_2)
DA:5,1
DA:6,1
DA:8,1
DA:9,0
DA:11,0
DA:12,0
DA:17,0
DA:20,0
DA:21,0
DA:24,0
DA:25,0
DA:29,0
DA:30,0
DA:34,1
LF:14
LH:4
BRDA:9,0,0,0
BRDA:9,0,1,0
BRF:2
BRH:0
end_of_record
TN:
SF:src/controllers/authController.js
FN:11,(anonymous_0)
FN:23,(anonymous_1)
FN:57,(anonymous_2)
FN:97,(anonymous_3)
FN:105,(anonymous_4)
FN:122,(anonymous_5)
FNF:6
FNH:0
FNDA:0,(anonymous_0)
FNDA:0,(anonymous_1)
FNDA:0,(anonymous_2)
FNDA:0,(anonymous_3)
FNDA:0,(anonymous_4)
FNDA:0,(anonymous_5)
DA:5,1
DA:6,1
DA:7,1
DA:8,1
DA:11,1
DA:12,0
DA:23,1
DA:24,0
DA:25,0
DA:26,0
DA:27,0
DA:30,0
DA:33,0
DA:34,0
DA:35,0
DA:38,0
DA:39,0
DA:41,0
DA:43,0
DA:49,0
DA:57,1
DA:58,0
DA:59,0
DA:60,0
DA:61,0
DA:64,0
DA:67,0
DA:68,0
DA:69,0
DA:72,0
DA:73,0
DA:74,0
DA:78,0
DA:79,0
DA:81,0
DA:83,0
DA:89,0
DA:97,1
DA:98,0
DA:105,1
DA:106,0
DA:107,0
DA:108,0
DA:113,0
DA:115,0
DA:122,1
DA:123,0
DA:124,0
DA:125,0
DA:127,0
DA:128,0
DA:129,0
DA:132,0
DA:133,0
DA:135,0
DA:137,0
DA:141,1
LF:57
LH:11
BRDA:15,0,0,0
BRDA:15,0,1,0
BRDA:26,1,0,0
BRDA:26,1,1,0
BRDA:34,2,0,0
BRDA:34,2,1,0
BRDA:60,3,0,0
BRDA:60,3,1,0
BRDA:68,4,0,0
BRDA:68,4,1,0
BRDA:73,5,0,0
BRDA:73,5,1,0
BRDA:128,6,0,0
BRDA:128,6,1,0
BRF:14
BRH:0
end_of_record
TN:
SF:src/controllers/expenseController.js
FN:15,(anonymous_0)
FN:84,(anonymous_1)
FN:149,(anonymous_2)
FN:163,(anonymous_3)
FN:184,(anonymous_4)
FN:204,(anonymous_5)
FN:218,(anonymous_6)
FN:232,(anonymous_7)
FN:274,(anonymous_8)
FN:299,(anonymous_9)
FN:301,(anonymous_10)
FN:316,(anonymous_11)
FNF:12
FNH:0
FNDA:0,(anonymous_0)
FNDA:0,(anonymous_1)
FNDA:0,(anonymous_2)
FNDA:0,(anonymous_3)
FNDA:0,(anonymous_4)
FNDA:0,(anonymous_5)
FNDA:0,(anonymous_6)
FNDA:0,(anonymous_7)
FNDA:0,(anonymous_8)
FNDA:0,(anonymous_9)
FNDA:0,(anonymous_10)
FNDA:0,(anonymous_11)
DA:5,1
DA:6,1
DA:7,1
DA:8,1
DA:9,1
DA:15,1
DA:16,0
DA:17,0
DA:18,0
DA:19,0
DA:22,0
DA:24,0
DA:25,0
DA:26,0
DA:27,0
DA:30,0
DA:31,0
DA:32,0
DA:33,0
DA:34,0
DA:35,0
DA:36,0
DA:38,0
DA:39,0
DA:44,0
DA:45,0
DA:46,0
DA:55,0
DA:72,0
DA:74,0
DA:76,0
DA:84,1
DA:85,0
DA:97,0
DA:99,0
DA:101,0
DA:102,0
DA:103,0
DA:104,0
DA:105,0
DA:107,0
DA:108,0
DA:114,0
DA:115,0
DA:116,0
DA:117,0
DA:120,0
DA:121,0
DA:123,0
DA:132,0
DA:142,0
DA:149,1
DA:150,0
DA:151,0
DA:152,0
DA:153,0
DA:155,0
DA:163,1
DA:164,0
DA:165,0
DA:166,0
DA:168,0
DA:171,0
DA:172,0
DA:173,0
DA:174,0
DA:179,0
DA:184,0
DA:185,0
DA:186,0
DA:189,0
DA:195,0
DA:197,0
DA:204,1
DA:205,0
DA:206,0
DA:207,0
DA:208,0
DA:210,0
DA:218,1
DA:219,0
DA:220,0
DA:221,0
DA:222,0
DA:224,0
DA:232,1
DA:233,0
DA:234,0
DA:236,0
DA:237,0
DA:238,0
DA:239,0
DA:240,0
DA:242,0
DA:248,0
DA:264,0
DA:266,0
DA:274,1
DA:275,0
DA:276,0
DA:278,0
DA:286,0
DA:299,0
DA:301,0
DA:309,0
DA:311,0
DA:316,1
DA:317,0
DA:318,0
DA:319,0
DA:321,0
DA:322,0
DA:324,0
DA:325,0
DA:327,0
DA:332,0
DA:333,0
DA:335,0
DA:336,0
DA:337,0
DA:338,0
DA:342,0
DA:346,1
LF:123
LH:15
BRDA:18,0,0,0
BRDA:18,0,1,0
BRDA:30,1,0,0
BRDA:30,1,1,0
BRDA:45,2,0,0
BRDA:45,2,1,0
BRDA:58,3,0,0
BRDA:58,3,1,0
BRDA:58,3,2,0
BRDA:60,4,0,0
BRDA:60,4,1,0
BRDA:66,5,0,0
BRDA:66,5,1,0
BRDA:67,6,0,0
BRDA:67,6,1,0
BRDA:87,7,0,0
BRDA:88,8,0,0
BRDA:93,9,0,0
BRDA:94,10,0,0
BRDA:101,11,0,0
BRDA:101,11,1,0
BRDA:102,12,0,0
BRDA:102,12,1,0
BRDA:102,13,0,0
BRDA:102,13,1,0
BRDA:104,14,0,0
BRDA:104,14,1,0
BRDA:105,15,0,0
BRDA:105,15,1,0
BRDA:107,16,0,0
BRDA:107,16,1,0
BRDA:114,17,0,0
BRDA:114,17,1,0
BRDA:114,18,0,0
BRDA:114,18,1,0
BRDA:116,19,0,0
BRDA:116,19,1,0
BRDA:117,20,0,0
BRDA:117,20,1,0
BRDA:121,21,0,0
BRDA:121,21,1,0
BRDA:152,22,0,0
BRDA:152,22,1,0
BRDA:166,23,0,0
BRDA:166,23,1,0
BRDA:171,24,0,0
BRDA:171,24,1,0
BRDA:171,25,0,0
BRDA:171,25,1,0
BRDA:185,26,0,0
BRDA:185,26,1,0
BRDA:207,27,0,0
BRDA:207,27,1,0
BRDA:234,28,0,0
BRDA:237,29,0,0
BRDA:237,29,1,0
BRDA:281,30,0,0
BRDA:281,30,1,0
BRDA:282,31,0,0
BRDA:282,31,1,0
BRDA:306,32,0,0
BRDA:306,32,1,0
BRDA:322,33,0,0
BRDA:322,33,1,0
BRDA:322,34,0,0
BRDA:322,34,1,0
BRDA:332,35,0,0
BRDA:332,35,1,0
BRDA:335,36,0,0
BRDA:335,36,1,0
BRF:70
BRH:0
end_of_record
TN:
SF:src/middleware/auth.js
FN:9,(anonymous_0)
FNF:1
FNH:0
FNDA:0,(anonymous_0)
DA:5,1
DA:6,1
DA:7,1
DA:9,1
DA:10,0
DA:12,0
DA:13,0
DA:14,0
DA:17,0
DA:20,0
DA:23,0
DA:24,0
DA:25,0
DA:28,0
DA:29,0
DA:31,0
DA:32,0
DA:34,0
DA:35,0
DA:37,0
DA:38,0
DA:42,1
LF:22
LH:5
BRDA:13,0,0,0
BRDA:13,0,1,0
BRDA:13,1,0,0
BRDA:13,1,1,0
BRDA:24,2,0,0
BRDA:24,2,1,0
BRDA:31,3,0,0
BRDA:31,3,1,0
BRDA:34,4,0,0
BRDA:34,4,1,0
BRF:10
BRH:0
end_of_record
TN:
SF:src/middleware/errorHandler.js
FN:7,(anonymous_0)
FN:14,(anonymous_1)
FNF:2
FNH:0
FNDA:0,(anonymous_0)
FNDA:0,(anonymous_1)
DA:5,1
DA:7,1
DA:8,0
DA:9,0
DA:12,0
DA:13,0
DA:14,0
DA:15,0
DA:19,0
DA:20,0
DA:21,0
DA:22,0
DA:26,0
DA:27,0
DA:28,0
DA:32,0
DA:33,0
DA:40,0
DA:46,1
LF:19
LH:3
BRDA:8,0,0,0
BRDA:8,0,1,0
BRDA:9,1,0,0
BRDA:9,1,1,0
BRDA:12,2,0,0
BRDA:12,2,1,0
BRDA:19,3,0,0
BRDA:19,3,1,0
BRDA:26,4,0,0
BRDA:26,4,1,0
BRDA:32,5,0,0
BRDA:32,5,1,0
BRDA:42,6,0,0
BRDA:42,6,1,0
BRF:14
BRH:0
end_of_record
TN:
SF:src/models/Budget.js
FNF:0
FNH:0
DA:5,1
DA:6,1
DA:8,1
DA:54,1
DA:56,1
LF:5
LH:5
BRF:0
BRH:0
end_of_record
TN:
SF:src/models/Expense.js
FN:109,(anonymous_0)
FN:117,(anonymous_1)
FNF:2
FNH:0
FNDA:0,(anonymous_0)
FNDA:0,(anonymous_1)
DA:5,1
DA:7,1
DA:24,1
DA:104,1
DA:105,1
DA:106,1
DA:109,1
DA:110,0
DA:117,1
DA:119,1
DA:120,1
LF:11
LH:10
BRF:0
BRH:0
end_of_record
TN:
SF:src/models/User.js
FN:47,(anonymous_0)
FN:55,(anonymous_1)
FN:60,(anonymous_2)
FNF:3
FNH:0
FNDA:0,(anonymous_0)
FNDA:0,(anonymous_1)
FNDA:0,(anonymous_2)
DA:5,1
DA:6,1
DA:8,1
DA:47,1
DA:48,0
DA:49,0
DA:50,0
DA:51,0
DA:55,1
DA:56,0
DA:60,1
DA:61,0
DA:62,0
DA:63,0
DA:64,0
DA:67,1
LF:16
LH:7
BRDA:48,0,0,0
BRDA:48,0,1,0
BRF:2
BRH:0
end_of_record
TN:
SF:src/routes/auth.js
FNF:0
FNH:0
DA:5,1
DA:6,1
DA:7,1
DA:9,1
DA:10,1
DA:13,1
DA:19,1
DA:24,1
DA:25,1
DA:26,1
DA:27,1
DA:28,1
DA:30,1
LF:13
LH:13
BRF:0
BRH:0
end_of_record
TN:
SF:src/routes/budgets.js
FN:14,(anonymous_0)
FN:20,(anonymous_1)
FN:42,(anonymous_2)
FN:55,(anonymous_3)
FNF:4
FNH:0
FNDA:0,(anonymous_0)
FNDA:0,(anonymous_1)
FNDA:0,(anonymous_2)
FNDA:0,(anonymous_3)
DA:5,1
DA:6,1
DA:7,1
DA:8,1
DA:9,1
DA:11,1
DA:14,1
DA:15,0
DA:16,0
DA:17,0
DA:20,0
DA:21,0
DA:22,0
DA:24,0
DA:29,0
DA:37,0
DA:38,0
DA:42,1
DA:43,0
DA:44,0
DA:45,0
DA:50,0
DA:51,0
DA:55,1
DA:56,0
DA:57,0
DA:58,0
DA:59,0
DA:62,1
LF:29
LH:10
BRDA:16,0,0,0
BRDA:16,1,0,0
BRDA:31,2,0,0
BRDA:31,2,1,0
BRDA:32,3,0,0
BRDA:32,3,1,0
BRDA:33,4,0,0
BRDA:33,4,1,0
BRDA:47,5,0,0
BRDA:47,5,1,0
BRF:10
BRH:0
end_of_record
TN:
SF:src/routes/categories.js
FN:10,(anonymous_0)
FNF:1
FNH:0
FNDA:0,(anonymous_0)
DA:5,1
DA:6,1
DA:7,1
DA:8,1
DA:10,1
DA:11,0
DA:14,1
LF:7
LH:6
BRF:0
BRH:0
end_of_record
TN:
SF:src/routes/expenses.js
FN:26,(anonymous_0)
FN:27,(anonymous_1)
FN:35,(anonymous_2)
FNF:3
FNH:0
FNDA:0,(anonymous_0)
FNDA:0,(anonymous_1)
FNDA:0,(anonymous_2)
DA:5,1
DA:6,1
DA:7,1
DA:8,1
DA:9,1
DA:20,1
DA:21,1
DA:22,1
DA:25,1
DA:26,0
DA:28,0
DA:29,0
DA:32,1
DA:36,0
DA:37,0
DA:38,0
DA:39,0
DA:40,0
DA:45,1
DA:53,1
DA:56,1
DA:57,1
DA:58,1
DA:61,1
DA:62,1
DA:63,1
DA:64,1
DA:65,1
DA:67,1
LF:29
LH:21
BRDA:39,0,0,0
BRDA:39,0,1,0
BRDA:39,1,0,0
BRDA:39,1,1,0
BRF:4
BRH:0
end_of_record
TN:
SF:src/routes/insights.js
FN:14,(anonymous_0)
FN:44,(anonymous_1)
FN:51,buildLocalInsights
FN:53,(anonymous_3)
FN:54,(anonymous_4)
FN:56,(anonymous_5)
FNF:6
FNH:0
FNDA:0,(anonymous_0)
FNDA:0,(anonymous_1)
FNDA:0,buildLocalInsights
FNDA:0,(anonymous_3)
FNDA:0,(anonymous_4)
FNDA:0,(anonymous_5)
DA:5,1
DA:6,1
DA:7,1
DA:8,1
DA:9,1
DA:11,1
DA:14,1
DA:15,0
DA:16,0
DA:17,0
DA:18,0
DA:19,0
DA:24,0
DA:41,0
DA:44,0
DA:45,0
DA:47,0
DA:48,0
DA:52,0
DA:53,0
DA:54,0
DA:56,0
DA:57,0
DA:58,0
DA:59,0
DA:60,0
DA:61,0
DA:62,0
DA:70,0
DA:79,0
DA:82,1
LF:31
LH:8
BRDA:59,0,0,0
BRDA:59,0,1,0
BRDA:61,1,0,0
BRDA:61,1,1,0
BRDA:63,2,0,0
BRDA:63,2,1,0
BRDA:66,3,0,0
BRDA:66,3,1,0
BRF:8
BRH:0
end_of_record
TN:
SF:src/utils/aiService.js
FN:26,(anonymous_0)
FN:36,(anonymous_1)
FN:50,(anonymous_2)
FN:59,(anonymous_3)
FNF:4
FNH:0
FNDA:0,(anonymous_0)
FNDA:0,(anonymous_1)
FNDA:0,(anonymous_2)
FNDA:0,(anonymous_3)
DA:5,1
DA:6,1
DA:8,1
DA:9,1
DA:11,1
DA:26,1
DA:27,0
DA:28,0
DA:36,1
DA:37,0
DA:38,0
DA:39,0
DA:41,0
DA:42,0
DA:50,1
DA:51,0
DA:52,0
DA:59,1
DA:60,0
DA:61,0
DA:62,0
DA:64,0
DA:65,0
DA:69,1
LF:24
LH:10
BRDA:8,0,0,1
BRDA:8,0,1,1
BRDA:16,1,0,1
BRDA:16,1,1,1
BRF:4
BRH:4
end_of_record
TN:
SF:src/utils/logger.js
FN:20,(anonymous_0)
FNF:1
FNH:0
FNDA:0,(anonymous_0)
DA:5,1
DA:6,1
DA:8,1
DA:21,0
DA:24,0
DA:38,1
LF:6
LH:4
BRDA:9,0,0,1
BRDA:9,0,1,1
BRDA:21,1,0,0
BRDA:21,1,1,0
BRF:4
BRH:2
end_of_record
